# JRE version: OpenJDK Runtime Environment Temurin-17.0.4.1+1 (17.0.4.1+1) (build 17.0.4.1+1)
# Java VM: OpenJDK 64-Bit Server VM Temurin-17.0.4.1+1 (17.0.4.1+1, mixed mode, tiered, compressed oops, compressed class ptrs, g1 gc, linux-amd64)
GC Precious Log:
 CPUs: 8 total, 8 available
 Memory: 15919M
 Large Page Support: Disabled
 NUMA Support: Disabled
 Compressed Oops: Enabled (32-bit)
 Heap Region Size: 1M
 Heap Min Capacity: 8M
 Heap Initial Capacity: 250M
 Heap Max Capacity: 1G
 Pre-touch: Disabled
 Parallel Workers: 8
 Concurrent Workers: 2
 Concurrent Refinement Workers: 8
 Periodic GC: Disabled
 String Deduplication is enabled
Heap:
 garbage-first heap   total 389120K, used 152393K [0x00000000c0000000, 0x0000000100000000)
  region size 1024K, 37 young (37888K), 11 survivors (11264K)
 Metaspace       used 81416K, committed 82496K, reserved 1130496K
  class space    used 7708K, committed 8192K, reserved 1048576K
GC Heap History (20 events):
Event: 3801,423 GC heap before
{Heap before GC invocations=158 (full 0):
 garbage-first heap   total 389120K, used 294275K [0x00000000c0000000, 0x0000000100000000)
  region size 1024K, 126 young (129024K), 3 survivors (3072K)
 Metaspace       used 81089K, committed 82176K, reserved 1130496K
  class space    used 7705K, committed 8192K, reserved 1048576K
}
Event: 3801,433 GC heap after
{Heap after GC invocations=159 (full 0):
 garbage-first heap   total 389120K, used 173378K [0x00000000c0000000, 0x0000000100000000)
  region size 1024K, 7 young (7168K), 7 survivors (7168K)
 Metaspace       used 81089K, committed 82176K, reserved 1130496K
  class space    used 7705K, committed 8192K, reserved 1048576K
}
Event: 3812,292 GC heap before
{Heap before GC invocations=160 (full 0):
 garbage-first heap   total 389120K, used 281922K [0x00000000c0000000, 0x0000000100000000)
  region size 1024K, 131 young (134144K), 7 survivors (7168K)
 Metaspace       used 81220K, committed 82304K, reserved 1130496K
  class space    used 7706K, committed 8192K, reserved 1048576K
}
Event: 3812,296 GC heap after
{Heap after GC invocations=161 (full 0):
 garbage-first heap   total 389120K, used 149891K [0x00000000c0000000, 0x0000000100000000)
  region size 1024K, 2 young (2048K), 2 survivors (2048K)
 Metaspace       used 81220K, committed 82304K, reserved 1130496K
  class space    used 7706K, committed 8192K, reserved 1048576K
}
Event: 3812,497 GC heap before
{Heap before GC invocations=161 (full 0):
 garbage-first heap   total 389120K, used 168323K [0x00000000c0000000, 0x0000000100000000)
  region size 1024K, 19 young (19456K), 2 survivors (2048K)
 Metaspace       used 81221K, committed 82304K, reserved 1130496K
  class space    used 7706K, committed 8192K, reserved 1048576K
}
Event: 3812,503 GC heap after
{Heap after GC invocations=162 (full 0):
 garbage-first heap   total 389120K, used 125888K [0x00000000c0000000, 0x0000000100000000)
  region size 1024K, 3 young (3072K), 3 survivors (3072K)
 Metaspace       used 81221K, committed 82304K, reserved 1130496K
  class space    used 7706K, committed 8192K, reserved 1048576K
}
Event: 3819,245 GC heap before
{Heap before GC invocations=162 (full 0):
 garbage-first heap   total 389120K, used 237504K [0x00000000c0000000, 0x0000000100000000)
  region size 1024K, 114 young (116736K), 3 survivors (3072K)
 Metaspace       used 81285K, committed 82368K, reserved 1130496K
  class space    used 7707K, committed 8192K, reserved 1048576K
}
Event: 3819,252 GC heap after
{Heap after GC invocations=163 (full 0):
 garbage-first heap   total 389120K, used 138542K [0x00000000c0000000, 0x0000000100000000)
  region size 1024K, 16 young (16384K), 16 survivors (16384K)
 Metaspace       used 81285K, committed 82368K, reserved 1130496K
  class space    used 7707K, committed 8192K, reserved 1048576K
}
Event: 3838,981 GC heap before
{Heap before GC invocations=164 (full 0):
 garbage-first heap   total 389120K, used 283950K [0x00000000c0000000, 0x0000000100000000)
  region size 1024K, 158 young (161792K), 16 survivors (16384K)
 Metaspace       used 81336K, committed 82432K, reserved 1130496K
  class space    used 7707K, committed 8192K, reserved 1048576K
}
Event: 3838,990 GC heap after
{Heap after GC invocations=165 (full 0):
 garbage-first heap   total 389120K, used 143290K [0x00000000c0000000, 0x0000000100000000)
  region size 1024K, 10 young (10240K), 10 survivors (10240K)
 Metaspace       used 81336K, committed 82432K, reserved 1130496K
  class space    used 7707K, committed 8192K, reserved 1048576K
}
Event: 3839,047 GC heap before
{Heap before GC invocations=165 (full 0):
 garbage-first heap   total 389120K, used 152506K [0x00000000c0000000, 0x0000000100000000)
  region size 1024K, 19 young (19456K), 10 survivors (10240K)
 Metaspace       used 81337K, committed 82432K, reserved 1130496K
  class space    used 7707K, committed 8192K, reserved 1048576K
}
Event: 3839,054 GC heap after
{Heap after GC invocations=166 (full 0):
 garbage-first heap   total 389120K, used 140276K [0x00000000c0000000, 0x0000000100000000)
  region size 1024K, 2 young (2048K), 2 survivors (2048K)
 Metaspace       used 81337K, committed 82432K, reserved 1130496K
  class space    used 7707K, committed 8192K, reserved 1048576K
}
Event: 3846,708 GC heap before
{Heap before GC invocations=166 (full 0):
 garbage-first heap   total 389120K, used 287732K [0x00000000c0000000, 0x0000000100000000)
  region size 1024K, 147 young (150528K), 2 survivors (2048K)
 Metaspace       used 81382K, committed 82496K, reserved 1130496K
  class space    used 7707K, committed 8192K, reserved 1048576K
}
Event: 3846,716 GC heap after
{Heap after GC invocations=167 (full 0):
 garbage-first heap   total 389120K, used 139724K [0x00000000c0000000, 0x0000000100000000)
  region size 1024K, 2 young (2048K), 2 survivors (2048K)
 Metaspace       used 81382K, committed 82496K, reserved 1130496K
  class space    used 7707K, committed 8192K, reserved 1048576K
}
Event: 3857,080 GC heap before
{Heap before GC invocations=168 (full 0):
 garbage-first heap   total 389120K, used 286156K [0x00000000c0000000, 0x0000000100000000)
  region size 1024K, 155 young (158720K), 2 survivors (2048K)
 Metaspace       used 81414K, committed 82496K, reserved 1130496K
  class space    used 7708K, committed 8192K, reserved 1048576K
}
Event: 3857,088 GC heap after
{Heap after GC invocations=169 (full 0):
 garbage-first heap   total 389120K, used 128408K [0x00000000c0000000, 0x0000000100000000)
  region size 1024K, 1 young (1024K), 1 survivors (1024K)
 Metaspace       used 81414K, committed 82496K, reserved 1130496K
  class space    used 7708K, committed 8192K, reserved 1048576K
}
Event: 3857,226 GC heap before
{Heap before GC invocations=169 (full 0):
 garbage-first heap   total 389120K, used 146840K [0x00000000c0000000, 0x0000000100000000)
  region size 1024K, 19 young (19456K), 1 survivors (1024K)
 Metaspace       used 81414K, committed 82496K, reserved 1130496K
  class space    used 7708K, committed 8192K, reserved 1048576K
}
Event: 3857,228 GC heap after
{Heap after GC invocations=170 (full 0):
 garbage-first heap   total 389120K, used 115538K [0x00000000c0000000, 0x0000000100000000)
  region size 1024K, 1 young (1024K), 1 survivors (1024K)
 Metaspace       used 81414K, committed 82496K, reserved 1130496K
  class space    used 7708K, committed 8192K, reserved 1048576K
}
Event: 3857,401 GC heap before
{Heap before GC invocations=170 (full 0):
 garbage-first heap   total 389120K, used 126802K [0x00000000c0000000, 0x0000000100000000)
  region size 1024K, 14 young (14336K), 1 survivors (1024K)
 Metaspace       used 81416K, committed 82496K, reserved 1130496K
  class space    used 7708K, committed 8192K, reserved 1048576K
}
Event: 3857,407 GC heap after
{Heap after GC invocations=171 (full 0):
 garbage-first heap   total 389120K, used 125769K [0x00000000c0000000, 0x0000000100000000)
  region size 1024K, 11 young (11264K), 11 survivors (11264K)
 Metaspace       used 81416K, committed 82496K, reserved 1130496K
  class space    used 7708K, committed 8192K, reserved 1048576K
}

